<?xml version="1.0" encoding="UTF-8"?>
<!-- Generated by org.testng.reporters.JUnitReportReporter -->
<testsuite hostname="DESKTOP-HSGIM4G" failures="0" tests="5" name="com.tutorialsninja.qa.testcases.RegisterTest" time="88.447" errors="0" timestamp="2024-10-22T10:32:56 CST" skipped="0">
  <testcase classname="com.tutorialsninja.qa.testcases.RegisterTest" name="verifyRegisterWithMandatoryFields" time="15.174"/>
  <testcase classname="com.tutorialsninja.qa.testcases.RegisterTest" name="verifyRegisterProvidingAllFields" time="15.482"/>
  <testcase classname="com.tutorialsninja.qa.testcases.RegisterTest" name="verifyRegisterWithDuplicateEmail" time="13.814"/>
  <testcase classname="com.tutorialsninja.qa.testcases.RegisterTest" name="verifyRegisterWithDuplicateEmail" time="29.700"/>
  <testcase classname="com.tutorialsninja.qa.testcases.RegisterTest" name="verifyRegisterWithoutProvidingAnyField" time="14.277"/>
</testsuite> <!-- com.tutorialsninja.qa.testcases.RegisterTest -->
